Determining if the pthread_create exist failed with the following output:
Change Dir: /home/mhendrix8/robotarm_ws/build/CMakeFiles/CMakeTmp

Run Build Command:/usr/bin/make "cmTryCompileExec3576788352/fast"
/usr/bin/make -f CMakeFiles/cmTryCompileExec3576788352.dir/build.make CMakeFiles/cmTryCompileExec3576788352.dir/build
make[1]: Entering directory `/home/mhendrix8/robotarm_ws/build/CMakeFiles/CMakeTmp'
/usr/bin/cmake -E cmake_progress_report /home/mhendrix8/robotarm_ws/build/CMakeFiles/CMakeTmp/CMakeFiles 1
Building C object CMakeFiles/cmTryCompileExec3576788352.dir/CheckSymbolExists.c.o
/usr/bin/cc    -o CMakeFiles/cmTryCompileExec3576788352.dir/CheckSymbolExists.c.o   -c /home/mhendrix8/robotarm_ws/build/CMakeFiles/CMakeTmp/CheckSymbolExists.c
Linking C executable cmTryCompileExec3576788352
/usr/bin/cmake -E cmake_link_script CMakeFiles/cmTryCompileExec3576788352.dir/link.txt --verbose=1
/usr/bin/cc       CMakeFiles/cmTryCompileExec3576788352.dir/CheckSymbolExists.c.o  -o cmTryCompileExec3576788352 -rdynamic 
CMakeFiles/cmTryCompileExec3576788352.dir/CheckSymbolExists.c.o: In function `main':
CheckSymbolExists.c:(.text+0x16): undefined reference to `pthread_create'
collect2: error: ld returned 1 exit status
make[1]: Leaving directory `/home/mhendrix8/robotarm_ws/build/CMakeFiles/CMakeTmp'
make[1]: *** [cmTryCompileExec3576788352] Error 1
make: *** [cmTryCompileExec3576788352/fast] Error 2

File /home/mhendrix8/robotarm_ws/build/CMakeFiles/CMakeTmp/CheckSymbolExists.c:
/* */
#include <pthread.h>

int main(int argc, char** argv)
{
  (void)argv;
#ifndef pthread_create
  return ((int*)(&pthread_create))[argc];
#else
  (void)argc;
  return 0;
#endif
}

Determining if the function pthread_create exists in the pthreads failed with the following output:
Change Dir: /home/mhendrix8/robotarm_ws/build/CMakeFiles/CMakeTmp

Run Build Command:/usr/bin/make "cmTryCompileExec551282535/fast"
/usr/bin/make -f CMakeFiles/cmTryCompileExec551282535.dir/build.make CMakeFiles/cmTryCompileExec551282535.dir/build
make[1]: Entering directory `/home/mhendrix8/robotarm_ws/build/CMakeFiles/CMakeTmp'
/usr/bin/cmake -E cmake_progress_report /home/mhendrix8/robotarm_ws/build/CMakeFiles/CMakeTmp/CMakeFiles 1
Building C object CMakeFiles/cmTryCompileExec551282535.dir/CheckFunctionExists.c.o
/usr/bin/cc   -DCHECK_FUNCTION_EXISTS=pthread_create   -o CMakeFiles/cmTryCompileExec551282535.dir/CheckFunctionExists.c.o   -c /usr/share/cmake-2.8/Modules/CheckFunctionExists.c
Linking C executable cmTryCompileExec551282535
/usr/bin/cmake -E cmake_link_script CMakeFiles/cmTryCompileExec551282535.dir/link.txt --verbose=1
/usr/bin/cc   -DCHECK_FUNCTION_EXISTS=pthread_create    CMakeFiles/cmTryCompileExec551282535.dir/CheckFunctionExists.c.o  -o cmTryCompileExec551282535 -rdynamic -lpthreads 
/usr/bin/ld: cannot find -lpthreads
collect2: error: ld returned 1 exit status
make[1]: *** [cmTryCompileExec551282535] Error 1
make[1]: Leaving directory `/home/mhendrix8/robotarm_ws/build/CMakeFiles/CMakeTmp'
make: *** [cmTryCompileExec551282535/fast] Error 2


